<?xml version="1.0" encoding="UTF-8"?>
<!-- Generated by org.testng.reporters.JUnitReportReporter -->
<testsuite hostname="INDIA-Srinivas" name="com.perficient.test.TestDriver" tests="10" failures="0" timestamp="29 Jan 2016 04:14:44 GMT" time="5.847" errors="0">
  <testcase name="testMethod" time="0.479" classname="com.perficient.test.TestDriver"/>
  <testcase name="testMethod" time="0.485" classname="com.perficient.test.TestDriver"/>
  <testcase name="testMethod" time="0.462" classname="com.perficient.test.TestDriver"/>
  <testcase name="testMethod" time="0.500" classname="com.perficient.test.TestDriver"/>
  <testcase name="testMethod" time="1.529" classname="com.perficient.test.TestDriver"/>
  <testcase name="testMethod" time="0.479" classname="com.perficient.test.TestDriver"/>
  <testcase name="testMethod" time="0.503" classname="com.perficient.test.TestDriver"/>
  <testcase name="testMethod" time="0.469" classname="com.perficient.test.TestDriver"/>
  <testcase name="testMethod" time="0.470" classname="com.perficient.test.TestDriver"/>
  <testcase name="testMethod" time="0.471" classname="com.perficient.test.TestDriver"/>
</testsuite> <!-- com.perficient.test.TestDriver -->
