<?xml version="1.0" encoding="UTF-8"?>
<!-- Generated by org.testng.reporters.JUnitReportReporter -->
<testsuite hostname="INDIA-Srinivas" name="com.perficient.core.TestDriver" tests="4" failures="0" timestamp="7 May 2016 18:07:52 GMT" time="58.013" errors="0">
  <testcase name="testMethod" time="9.743" classname="com.perficient.core.TestDriver"/>
  <testcase name="testMethod" time="15.712" classname="com.perficient.core.TestDriver"/>
  <testcase name="testMethod" time="10.426" classname="com.perficient.core.TestDriver"/>
  <testcase name="testMethod" time="22.132" classname="com.perficient.core.TestDriver"/>
</testsuite> <!-- com.perficient.core.TestDriver -->
